running tasks_s1_full
...
OK (3 tests)
running tasks_s1_non
...
OK (3 tests)
running tasks_s2
...
OK (3 tests)
running tasks_s3
...
OK (3 tests)
running tasks_s4
..
OK (2 tests)
running tasks_s5
...
OK (3 tests)
running tasks_s6_full
..
OK (2 tests)
running tasks_s6_non
..
OK (2 tests)
running tasks_s7
.......
OK (7 tests)
running tasks_s8
.....
OK (5 tests)
running tasks_s9_full
....
OK (4 tests)
running tasks_s9_non
....
OK (4 tests)
running tasks_s10
...
OK (3 tests)
running tasks_s11_full
....
OK (4 tests)
running tasks_s11_non
....
OK (4 tests)
running tasks_s12_full
.......
OK (7 tests)
running tasks_s12_non
.......
OK (7 tests)
running tasks_s13_full
........
OK (8 tests)
running tasks_s13_non
........
OK (8 tests)
running tasks_s14_full
................
OK (16 tests)
running tasks_s14_non
................
OK (16 tests)
running tasks_s15_full
............
OK (12 tests)
running tasks_s15_non
............
OK (12 tests)
running interrupts_s1_full
..............
OK (14 tests)
running interrupts_s1_non
..............
OK (14 tests)
running interrupts_s2
....
OK (4 tests)
running interrupts_s3
....
OK (4 tests)
running interrupts_s4_full
.....
OK (5 tests)
running interrupts_s4_non
.....
OK (5 tests)
running interrupts_s5
....
OK (4 tests)
running interrupts_s6
.
OK (1 test)
running events_s1_full
...
OK (3 tests)
running events_s1_non
...
OK (3 tests)
running events_s2_full
..
OK (2 tests)
running events_s2_non
..
OK (2 tests)
running events_s3
...
OK (3 tests)
running events_s4
....
OK (4 tests)
running events_s5
.....
OK (5 tests)
running events_s6
.....
OK (5 tests)
running resources_s1_full
..
OK (2 tests)
running resources_s1_non
..
OK (2 tests)
running resources_s2
...
OK (3 tests)
running resources_s3
...
OK (3 tests)
running resources_s4_full
...
OK (3 tests)
running resources_s4_non
...
OK (3 tests)
running resources_s5
....
OK (4 tests)
running alarms_s1_full
.
OK (1 test)
running alarms_s1_non
.
OK (1 test)
running alarms_s2_full
....
OK (4 tests)
running alarms_s2_non
....
OK (4 tests)
running alarms_s3_full
..
OK (2 tests)
running alarms_s3_non
..
OK (2 tests)
running alarms_s4_full
....
OK (4 tests)
running alarms_s4_non
....
OK (4 tests)
running alarms_s5
..
OK (2 tests)
running alarms_s6
....
OK (4 tests)
running alarms_s7
..
OK (2 tests)
running alarms_s8
....
OK (4 tests)
running alarms_s9_full
........
OK (8 tests)
running alarms_s9_non
........
OK (8 tests)
running alarms_s10
...
OK (3 tests)
running hook_s1_full
..
OK (2 tests)
running hook_s1_non
..
OK (2 tests)
running hook_s2_full
...............
OK (15 tests)
running hook_s2_non
...............
OK (15 tests)
running hook_s3_full
..
OK (2 tests)
running hook_s3_non
..
OK (2 tests)
running hook_s4_full
...........
OK (11 tests)
running hook_s4_non
...........
OK (11 tests)
running hook_s5_full
...........
OK (11 tests)
running hook_s5_non
...........
OK (11 tests)
running hook_s6_full
.....
OK (5 tests)
running hook_s6_non
.....
OK (5 tests)
running com_internal_s1_full
.......
OK (7 tests)
running com_internal_s1_non
.......
OK (7 tests)
running com_internal_s2_full
.......
OK (7 tests)
running com_internal_s2_non
.......
OK (7 tests)
running com_internal_s3
....
OK (4 tests)
running com_internal_s4
....
OK (4 tests)
running com_internal_s5_full
.......................
OK (23 tests)
running com_internal_s5_non
.......................
OK (23 tests)
running com_internal_s6_full
....................
OK (20 tests)
running com_internal_s6_non
....................
OK (20 tests)
running autosar_s1
...
OK (3 tests)
running autosar_sc_s1
...
OK (3 tests)
running autosar_sc_s2
.
OK (1 test)
running autosar_sc_s3
.
OK (1 test)
running autosar_sc_s4
...
OK (3 tests)
running autosar_sc_s5
..
OK (2 tests)
running autosar_alarm_s1
....
OK (4 tests)
running autosar_alarm_s2
.....
OK (5 tests)
running autosar_st_s1
.
OK (1 test)
running autosar_st_s2
.
OK (1 test)
running autosar_st_s3
.....
OK (5 tests)
running autosar_st_s4
...
OK (3 tests)
running autosar_st_s5
...
OK (3 tests)
running autosar_st_s6
.........
OK (9 tests)
running autosar_st_s7
.....
OK (5 tests)
running autosar_sts_s1
.....
OK (5 tests)
running autosar_sts_s2
..................
OK (18 tests)
running autosar_sts_s3
..
OK (2 tests)
running autosar_sts_s4
...
OK (3 tests)
running autosar_sts_s5
...
OK (3 tests)
running autosar_sts_s6
.....
OK (5 tests)
running autosar_sts_s7
...
OK (3 tests)
running autosar_sts_s8
...
OK (3 tests)
running autosar_sts_s9
.....
OK (5 tests)
running autosar_sts_s10
....
OK (4 tests)
running autosar_sts_s11
...
OK (3 tests)
running autosar_sts_s12
...
OK (3 tests)
running autosar_sts_s13
.....
OK (5 tests)
running autosar_sts_s14
.......
OK (7 tests)
running autosar_sp_s1
........
OK (8 tests)
running autosar_sp_s3
....
OK (4 tests)
