...
OK (3 tests)
...
OK (3 tests)
...
OK (3 tests)
...
OK (3 tests)
..
OK (2 tests)
...
OK (3 tests)
..
OK (2 tests)
..
OK (2 tests)
.......
OK (7 tests)
.....
OK (5 tests)
....
OK (4 tests)
....
OK (4 tests)
...
OK (3 tests)
....
OK (4 tests)
....
OK (4 tests)
.......
OK (7 tests)
.......
OK (7 tests)
........
OK (8 tests)
........
OK (8 tests)
............
OK (12 tests)
............
OK (12 tests)
.............
OK (13 tests)
.............
OK (13 tests)
...
OK (3 tests)
....
OK (4 tests)
...
OK (3 tests)
...
OK (3 tests)
...
OK (3 tests)
...
OK (3 tests)
..
OK (2 tests)
..
OK (2 tests)
..
OK (2 tests)
....
OK (4 tests)
.....
OK (5 tests)
.....
OK (5 tests)
...
OK (3 tests)
...
OK (3 tests)
...
OK (3 tests)
...
OK (3 tests)
...
OK (3 tests)
...
OK (3 tests)
.
OK (1 tests)
.
OK (1 tests)
....
OK (4 tests)
....
OK (4 tests)
..
OK (2 tests)
..
OK (2 tests)
....
OK (4 tests)
....
OK (4 tests)
..
OK (2 tests)
....
OK (4 tests)
..
OK (2 tests)
....
OK (4 tests)
.......
OK (7 tests)
.......
OK (7 tests)
..
OK (2 tests)
..
OK (2 tests)
.......................
OK (23 tests)
.......................
OK (23 tests)
..
OK (2 tests)
..
OK (2 tests)
